<?xml version="1.0" encoding="UTF-8"?>
<!-- Generated by org.testng.reporters.JUnitXMLReporter -->
<testsuite ignored="2" hostname="LAPTOP-MHUDEV9K" failures="1" tests="2" name="Login_Test" time="19.888" errors="0" timestamp="2024-07-06T15:50:51 IST">
  <testcase classname="LumaStore.testCases.TC01_IndexPageTest" name="verifyIndexPage" time="0.106"/>
  <testcase classname="LumaStore.testCases.TC02_LoginPageTest" name="verifyLogin" time="19.022">
    <failure type="java.lang.AssertionError" message="Login failed expected [true] but found [false]">
      <![CDATA[java.lang.AssertionError: Login failed expected [true] but found [false]
at LumaStore.testCases.TC02_LoginPageTest.verifyLogin(TC02_LoginPageTest.java:48)
at java.base/java.util.ArrayList.forEach(ArrayList.java:1511)
... Removed 30 stack frames]]>
    </failure>
  </testcase> <!-- verifyLogin -->
  <testcase classname="LumaStore.base.TestBase" name="@AfterSuite tearDown" time="0.0">
    <ignored/>
  </testcase> <!-- @AfterSuite tearDown -->
  <testcase classname="LumaStore.base.TestBase" name="@BeforeSuite launch" time="0.0">
    <ignored/>
  </testcase> <!-- @BeforeSuite launch -->
</testsuite> <!-- Login_Test -->
